生成启动时间为 2016/8/24 16:13:31。
项目“F:\Softwares\Visual Studio 2013\projects\LeetCode\283. Move Zeroes_e\283. Move Zeroes_e\283. Move Zeroes_e.vcxproj”在节点 2 上(build 个目标)。
InitializeBuildStatus:
  正在创建“Debug\283. Move Zeroes_e.unsuccessfulbuild”，因为已指定“AlwaysCreate”。
ClCompile:
  D:\Program Files\Microsoft Visual Studio 10.0\VC\bin\CL.exe /c /ZI /nologo /W3 /WX- /Od /Oy- /D _MBCS /Gm /EHsc /RTC1 /MDd /GS /fp:precise /Zc:wchar_t /Zc:forScope /Fo"Debug\\" /Fd"Debug\vc100.pdb" /Gd /TP /analyze- /errorReport:prompt "Move Zeroes.cpp"
  Move Zeroes.cpp
f:\softwares\visual studio 2013\projects\leetcode\283. move zeroes_e\283. move zeroes_e\move zeroes.cpp(28): warning C4018: “<”: 有符号/无符号不匹配
Link:
  D:\Program Files\Microsoft Visual Studio 10.0\VC\bin\link.exe /ERRORREPORT:PROMPT /OUT:"F:\Softwares\Visual Studio 2013\projects\LeetCode\283. Move Zeroes_e\Debug\283. Move Zeroes_e.exe" /NOLOGO kernel32.lib user32.lib gdi32.lib winspool.lib comdlg32.lib advapi32.lib shell32.lib ole32.lib oleaut32.lib uuid.lib odbc32.lib odbccp32.lib /MANIFEST /ManifestFile:"Debug\283. Move Zeroes_e.exe.intermediate.manifest" /MANIFESTUAC:"level='asInvoker' uiAccess='false'" /DEBUG /PDB:"F:\Softwares\Visual Studio 2013\projects\LeetCode\283. Move Zeroes_e\Debug\283. Move Zeroes_e.pdb" /TLBID:1 /DYNAMICBASE /NXCOMPAT /IMPLIB:"F:\Softwares\Visual Studio 2013\projects\LeetCode\283. Move Zeroes_e\Debug\283. Move Zeroes_e.lib" /MACHINE:X86 "Debug\Move Zeroes.obj"
  LINK : 没有找到 F:\Softwares\Visual Studio 2013\projects\LeetCode\283. Move Zeroes_e\Debug\283. Move Zeroes_e.exe 或上一个增量链接没有生成它；正在执行完全链接
  283. Move Zeroes_e.vcxproj -> F:\Softwares\Visual Studio 2013\projects\LeetCode\283. Move Zeroes_e\Debug\283. Move Zeroes_e.exe
Manifest:
  C:\Program Files\Microsoft SDKs\Windows\v7.0A\bin\mt.exe /nologo /verbose /outputresource:"F:\Softwares\Visual Studio 2013\projects\LeetCode\283. Move Zeroes_e\Debug\283. Move Zeroes_e.exe;#1" /manifest "Debug\283. Move Zeroes_e.exe.intermediate.manifest"
FinalizeBuildStatus:
  正在删除文件“Debug\283. Move Zeroes_e.unsuccessfulbuild”。
  正在对“Debug\283. Move Zeroes_e.lastbuildstate”执行 Touch 任务。
已完成生成项目“F:\Softwares\Visual Studio 2013\projects\LeetCode\283. Move Zeroes_e\283. Move Zeroes_e\283. Move Zeroes_e.vcxproj”(build 个目标)的操作。

生成成功。

已用时间 00:00:03.51
