生成启动时间为 2016/8/5 15:26:19。
项目“F:\Softwares\Visual Studio 2013\projects\LeetCode\165. Compare Version Numbers\165. Compare Version Numbers\165. Compare Version Numbers.vcxproj”在节点 2 上(build 个目标)。
InitializeBuildStatus:
  正在创建“Debug\165. Compare Version Numbers.unsuccessfulbuild”，因为已指定“AlwaysCreate”。
ClCompile:
  D:\Program Files\Microsoft Visual Studio 10.0\VC\bin\CL.exe /c /ZI /nologo /W3 /WX- /Od /Oy- /D _MBCS /Gm /EHsc /RTC1 /MDd /GS /fp:precise /Zc:wchar_t /Zc:forScope /Fo"Debug\\" /Fd"Debug\vc100.pdb" /Gd /TC /analyze- /errorReport:prompt "Compare Version Numbers.c"
  Compare Version Numbers.c
f:\softwares\visual studio 2013\projects\leetcode\165. compare version numbers\165. compare version numbers\compare version numbers.c(18): warning C4996: 'strcpy': This function or variable may be unsafe. Consider using strcpy_s instead. To disable deprecation, use _CRT_SECURE_NO_WARNINGS. See online help for details.
          d:\program files\microsoft visual studio 10.0\vc\include\string.h(105) : 参见“strcpy”的声明
f:\softwares\visual studio 2013\projects\leetcode\165. compare version numbers\165. compare version numbers\compare version numbers.c(19): warning C4996: 'strcpy': This function or variable may be unsafe. Consider using strcpy_s instead. To disable deprecation, use _CRT_SECURE_NO_WARNINGS. See online help for details.
          d:\program files\microsoft visual studio 10.0\vc\include\string.h(105) : 参见“strcpy”的声明
f:\softwares\visual studio 2013\projects\leetcode\165. compare version numbers\165. compare version numbers\compare version numbers.c(20): warning C4996: 'strtok': This function or variable may be unsafe. Consider using strtok_s instead. To disable deprecation, use _CRT_SECURE_NO_WARNINGS. See online help for details.
          d:\program files\microsoft visual studio 10.0\vc\include\string.h(197) : 参见“strtok”的声明
f:\softwares\visual studio 2013\projects\leetcode\165. compare version numbers\165. compare version numbers\compare version numbers.c(23): warning C4996: 'strcpy': This function or variable may be unsafe. Consider using strcpy_s instead. To disable deprecation, use _CRT_SECURE_NO_WARNINGS. See online help for details.
          d:\program files\microsoft visual studio 10.0\vc\include\string.h(105) : 参见“strcpy”的声明
f:\softwares\visual studio 2013\projects\leetcode\165. compare version numbers\165. compare version numbers\compare version numbers.c(24): warning C4996: 'strtok': This function or variable may be unsafe. Consider using strtok_s instead. To disable deprecation, use _CRT_SECURE_NO_WARNINGS. See online help for details.
          d:\program files\microsoft visual studio 10.0\vc\include\string.h(197) : 参见“strtok”的声明
f:\softwares\visual studio 2013\projects\leetcode\165. compare version numbers\165. compare version numbers\compare version numbers.c(26): warning C4996: 'strtok': This function or variable may be unsafe. Consider using strtok_s instead. To disable deprecation, use _CRT_SECURE_NO_WARNINGS. See online help for details.
          d:\program files\microsoft visual studio 10.0\vc\include\string.h(197) : 参见“strtok”的声明
f:\softwares\visual studio 2013\projects\leetcode\165. compare version numbers\165. compare version numbers\compare version numbers.c(29): warning C4996: 'strcpy': This function or variable may be unsafe. Consider using strcpy_s instead. To disable deprecation, use _CRT_SECURE_NO_WARNINGS. See online help for details.
          d:\program files\microsoft visual studio 10.0\vc\include\string.h(105) : 参见“strcpy”的声明
f:\softwares\visual studio 2013\projects\leetcode\165. compare version numbers\165. compare version numbers\compare version numbers.c(30): warning C4996: 'strtok': This function or variable may be unsafe. Consider using strtok_s instead. To disable deprecation, use _CRT_SECURE_NO_WARNINGS. See online help for details.
          d:\program files\microsoft visual studio 10.0\vc\include\string.h(197) : 参见“strtok”的声明
Link:
  D:\Program Files\Microsoft Visual Studio 10.0\VC\bin\link.exe /ERRORREPORT:PROMPT /OUT:"F:\Softwares\Visual Studio 2013\projects\LeetCode\165. Compare Version Numbers\Debug\165. Compare Version Numbers.exe" /NOLOGO kernel32.lib user32.lib gdi32.lib winspool.lib comdlg32.lib advapi32.lib shell32.lib ole32.lib oleaut32.lib uuid.lib odbc32.lib odbccp32.lib /MANIFEST /ManifestFile:"Debug\165. Compare Version Numbers.exe.intermediate.manifest" /MANIFESTUAC:"level='asInvoker' uiAccess='false'" /DEBUG /PDB:"F:\Softwares\Visual Studio 2013\projects\LeetCode\165. Compare Version Numbers\Debug\165. Compare Version Numbers.pdb" /TLBID:1 /DYNAMICBASE /NXCOMPAT /IMPLIB:"F:\Softwares\Visual Studio 2013\projects\LeetCode\165. Compare Version Numbers\Debug\165. Compare Version Numbers.lib" /MACHINE:X86 "Debug\Compare Version Numbers.obj"
  LINK : 没有找到 F:\Softwares\Visual Studio 2013\projects\LeetCode\165. Compare Version Numbers\Debug\165. Compare Version Numbers.exe 或上一个增量链接没有生成它；正在执行完全链接
  165. Compare Version Numbers.vcxproj -> F:\Softwares\Visual Studio 2013\projects\LeetCode\165. Compare Version Numbers\Debug\165. Compare Version Numbers.exe
Manifest:
  C:\Program Files\Microsoft SDKs\Windows\v7.0A\bin\mt.exe /nologo /verbose /outputresource:"F:\Softwares\Visual Studio 2013\projects\LeetCode\165. Compare Version Numbers\Debug\165. Compare Version Numbers.exe;#1" /manifest "Debug\165. Compare Version Numbers.exe.intermediate.manifest"
FinalizeBuildStatus:
  正在删除文件“Debug\165. Compare Version Numbers.unsuccessfulbuild”。
  正在对“Debug\165. Compare Version Numbers.lastbuildstate”执行 Touch 任务。
已完成生成项目“F:\Softwares\Visual Studio 2013\projects\LeetCode\165. Compare Version Numbers\165. Compare Version Numbers\165. Compare Version Numbers.vcxproj”(build 个目标)的操作。

生成成功。

已用时间 00:00:02.81
